SetPrimaryConfigPath NewValue="/home/dtamade/freePascal/config_lazarus"
Hint: (lazbuild) Primary config path: "/home/dtamade/freePascal/config_lazarus"
Hint: (lazarus) [TBuildManager.SetBuildTarget] Old=x86_64-linux--gtk2 New=x86_64-linux--gtk2 Changed: OS/CPU=True LCL=False
Hint: (lazarus) [TBuildManager.SetBuildTarget] Old=x86_64-linux--gtk2 New=x86_64-linux--gtk2 Changed: OS/CPU=True LCL=False
Hint: (lazarus) Build Project: nothing to do.
Info: (lazarus) Execute Title="Compile Project, Mode: Debug, Target: /home/dtamade/projects/fafafa.core/tests/fafafa.core.collections/bin/tests_collections"
Info: (lazarus) Working Directory="/home/dtamade/projects/fafafa.core/tests/fafafa.core.collections/"
Info: (lazarus) Executable="/home/dtamade/freePascal/fpc/bin/x86_64-linux/fpc.sh"
Info: (lazarus) Param[0]="-MObjFPC"
Info: (lazarus) Param[1]="-Scaghi"
Info: (lazarus) Param[2]="-Cg"
Info: (lazarus) Param[3]="-CirotR"
Info: (lazarus) Param[4]="-O1"
Info: (lazarus) Param[5]="-gw3"
Info: (lazarus) Param[6]="-gl"
Info: (lazarus) Param[7]="-gh"
Info: (lazarus) Param[8]="-Xg"
Info: (lazarus) Param[9]="-gt"
Info: (lazarus) Param[10]="-l"
Info: (lazarus) Param[11]="-vewnhibq"
Info: (lazarus) Param[12]="-Fi/home/dtamade/projects/fafafa.core/tests/fafafa.core.collections/lib/x86_64-linux"
Info: (lazarus) Param[13]="-Fi/home/dtamade/projects/fafafa.core/src"
Info: (lazarus) Param[14]="-Fu/home/dtamade/projects/fafafa.core/tests/fafafa.core.collections/"
Info: (lazarus) Param[15]="-Fu/home/dtamade/projects/fafafa.core/src"
Info: (lazarus) Param[16]="-Fu/home/dtamade/freePascal/lazarus/components/fpcunit/lib/x86_64-linux/gtk2"
Info: (lazarus) Param[17]="-Fu/home/dtamade/freePascal/lazarus/components/synedit/units/x86_64-linux/gtk2"
Info: (lazarus) Param[18]="-Fu/home/dtamade/freePascal/lazarus/lcl/units/x86_64-linux/gtk2"
Info: (lazarus) Param[19]="-Fu/home/dtamade/freePascal/lazarus/components/lazedit/lib/x86_64-linux"
Info: (lazarus) Param[20]="-Fu/home/dtamade/freePascal/lazarus/lcl/units/x86_64-linux"
Info: (lazarus) Param[21]="-Fu/home/dtamade/freePascal/lazarus/components/freetype/lib/x86_64-linux"
Info: (lazarus) Param[22]="-Fu/home/dtamade/freePascal/lazarus/components/lazutils/lib/x86_64-linux"
Info: (lazarus) Param[23]="-Fu/home/dtamade/freePascal/lazarus/packager/units/x86_64-linux"
Info: (lazarus) Param[24]="-FU/home/dtamade/projects/fafafa.core/tests/fafafa.core.collections/lib/x86_64-linux/"
Info: (lazarus) Param[25]="-FE/home/dtamade/projects/fafafa.core/tests/fafafa.core.collections/bin/"
Info: (lazarus) Param[26]="-o/home/dtamade/projects/fafafa.core/tests/fafafa.core.collections/bin/tests_collections"
Info: (lazarus) Param[27]="-dLCL"
Info: (lazarus) Param[28]="-dLCLgtk2"
Info: (lazarus) Param[29]="tests_collections.lpr"
Hint: (11030) Start of reading config file /home/dtamade/freePascal/fpc/bin/x86_64-linux/fpc.cfg
Hint: (11031) End of reading config file /home/dtamade/freePascal/fpc/bin/x86_64-linux/fpc.cfg
Free Pascal Compiler version 3.3.1-18766-gc75982a639-dirty [2025/10/23] for x86_64
Copyright (c) 1993-2025 by Florian Klaempfl and others
(1002) Target OS: Linux for x86-64
(3104) Compiling tests_collections.lpr
/home/dtamade/projects/fafafa.core/tests/fafafa.core.collections/tests_collections.lpr(8,31) Hint: (5023) Unit "testutils" not used in tests_collections
/home/dtamade/projects/fafafa.core/tests/fafafa.core.collections/tests_collections.lpr(10,3) Hint: (5023) Unit "fafafa.core.collections" not used in tests_collections
(9015) Linking /home/dtamade/projects/fafafa.core/tests/fafafa.core.collections/bin/tests_collections
(1008) 573 lines compiled, 4.6 sec, 10624720 bytes code, 2739000 bytes data
(1022) 4 hint(s) issued
Info: (lazarus) [TCompiler.Compile] end
