Hint: (11030) Start of reading config file D:\devtools\lazarus\trunk\fpc\bin\x86_64-win64\fpc.cfg
Hint: (11031) End of reading config file D:\devtools\lazarus\trunk\fpc\bin\x86_64-win64\fpc.cfg
Free Pascal Compiler version 3.3.1-18303-gc4aa8b02fb-dirty [2025/07/28] for x86_64
Copyright (c) 1993-2025 by Florian Klaempfl and others
(1002) Target OS: Win64 for x64
(3104) Compiling D:\projects\Pascal\lazarus\My\libs\fafafa.collections5\plays\fafafa.core.collections.vecdeque\Play_VecDeque_Tests.pas
(3104) Compiling .\src\fafafa.core.collections.vecdeque.pas
D:\projects\Pascal\lazarus\My\libs\fafafa.collections5\.\src\fafafa.core.collections.vecdeque.pas(5816,22) Hint: (5057) Local variable "LElement" does not seem to be initialized
D:\projects\Pascal\lazarus\My\libs\fafafa.collections5\.\src\fafafa.core.collections.vecdeque.pas(7182,18) Hint: (5091) Local variable "LTemp" of a managed type does not seem to be initialized
D:\projects\Pascal\lazarus\My\libs\fafafa.collections5\.\src\fafafa.core.collections.vecdeque.pas(7010,3) Note: (5025) Local variable "LPartition" not used
D:\projects\Pascal\lazarus\My\libs\fafafa.collections5\.\src\fafafa.core.collections.vecdeque.pas(7182,18) Hint: (5091) Local variable "LTemp" of a managed type does not seem to be initialized
D:\projects\Pascal\lazarus\My\libs\fafafa.collections5\.\src\fafafa.core.collections.vecdeque.pas(1181,3) Note: (5027) Local variable "LFirstPartSize" is assigned but never used
D:\projects\Pascal\lazarus\My\libs\fafafa.collections5\.\src\fafafa.core.collections.vecdeque.pas(1181,19) Note: (5027) Local variable "LSecondPartSize" is assigned but never used
D:\projects\Pascal\lazarus\My\libs\fafafa.collections5\.\src\fafafa.core.collections.arr.pas(551,20) Hint: (5024) Parameter "aComparer" not used
D:\projects\Pascal\lazarus\My\libs\fafafa.collections5\.\src\fafafa.core.collections.arr.pas(551,47) Hint: (5024) Parameter "aData" not used
D:\projects\Pascal\lazarus\My\libs\fafafa.collections5\.\src\fafafa.core.collections.arr.pas(555,43) Hint: (5024) Parameter "aComparer" not used
D:\projects\Pascal\lazarus\My\libs\fafafa.collections5\.\src\fafafa.core.collections.arr.pas(555,70) Hint: (5024) Parameter "aData" not used
D:\projects\Pascal\lazarus\My\libs\fafafa.collections5\.\src\fafafa.core.collections.arr.pas(559,51) Hint: (5024) Parameter "aComparer" not used
D:\projects\Pascal\lazarus\My\libs\fafafa.collections5\.\src\fafafa.core.collections.arr.pas(559,78) Hint: (5024) Parameter "aData" not used
D:\projects\Pascal\lazarus\My\libs\fafafa.collections5\.\src\fafafa.core.collections.arr.pas(565,60) Hint: (5024) Parameter "aComparer" not used
D:\projects\Pascal\lazarus\My\libs\fafafa.collections5\.\src\fafafa.core.collections.arr.pas(565,87) Hint: (5024) Parameter "aData" not used
D:\projects\Pascal\lazarus\My\libs\fafafa.collections5\.\src\fafafa.core.collections.vecdeque.pas(5607,19) Note: (5027) Local variable "LSecondPartSize" is assigned but never used
D:\projects\Pascal\lazarus\My\libs\fafafa.collections5\.\src\fafafa.core.collections.arr.pas(587,83) Hint: (5024) Parameter "aComparer" not used
D:\projects\Pascal\lazarus\My\libs\fafafa.collections5\.\src\fafafa.core.collections.vecdeque.pas(5816,22) Hint: (5057) Local variable "LElement" does not seem to be initialized
D:\projects\Pascal\lazarus\My\libs\fafafa.collections5\.\src\fafafa.core.collections.vecdeque.pas(6103,3) Note: (5027) Local variable "LElement" is assigned but never used
D:\projects\Pascal\lazarus\My\libs\fafafa.collections5\.\src\fafafa.core.collections.vecdeque.pas(6186,3) Note: (5027) Local variable "LElement" is assigned but never used
D:\projects\Pascal\lazarus\My\libs\fafafa.collections5\.\src\fafafa.core.collections.vecdeque.pas(6367,3) Note: (5027) Local variable "LElement" is assigned but never used
D:\projects\Pascal\lazarus\My\libs\fafafa.collections5\.\src\fafafa.core.collections.vecdeque.pas(6486,3) Note: (5027) Local variable "LElement" is assigned but never used
D:\projects\Pascal\lazarus\My\libs\fafafa.collections5\plays\fafafa.core.collections.vecdeque\Play_VecDeque_Tests.pas(46,3) Note: (5025) Local variable "Buf" not used
D:\projects\Pascal\lazarus\My\libs\fafafa.collections5\plays\fafafa.core.collections.vecdeque\Play_VecDeque_Tests.pas(119,24) Hint: (5091) Local variable "A" of a managed type does not seem to be initialized
D:\projects\Pascal\lazarus\My\libs\fafafa.collections5\plays\fafafa.core.collections.vecdeque\Play_VecDeque_Tests.pas(148,28) Hint: (5091) Local variable "A" of a managed type does not seem to be initialized
D:\projects\Pascal\lazarus\My\libs\fafafa.collections5\plays\fafafa.core.collections.vecdeque\Play_VecDeque_Tests.pas(163,23) Hint: (5057) Local variable "E" does not seem to be initialized
D:\projects\Pascal\lazarus\My\libs\fafafa.collections5\plays\fafafa.core.collections.vecdeque\Play_VecDeque_Tests.pas(199,28) Hint: (5091) Local variable "A" of a managed type does not seem to be initialized
D:\projects\Pascal\lazarus\My\libs\fafafa.collections5\plays\fafafa.core.collections.vecdeque\Play_VecDeque_Tests.pas(232,24) Hint: (5091) Local variable "A" of a managed type does not seem to be initialized
(9015) Linking D:\projects\Pascal\lazarus\My\libs\fafafa.collections5\bin\play\Play_VecDeque_Tests.exe
(1008) 8288 lines compiled, 4.4 sec, 578160 bytes code, 16548 bytes data
(1022) 20 hint(s) issued
(1023) 9 note(s) issued
